Determining if the pthread_create exist failed with the following output:
Change Dir: /home/infrastructure_ws/carma-streets/streets_utils/streets_tsc_configuration/build/CMakeFiles/CMakeTmp

Run Build Command:"/usr/bin/make" "cmTC_8ed52/fast"
/usr/bin/make -f CMakeFiles/cmTC_8ed52.dir/build.make CMakeFiles/cmTC_8ed52.dir/build
make[1]: Entering directory '/home/infrastructure_ws/carma-streets/streets_utils/streets_tsc_configuration/build/CMakeFiles/CMakeTmp'
Building C object CMakeFiles/cmTC_8ed52.dir/CheckSymbolExists.c.o
/usr/bin/cc    -o CMakeFiles/cmTC_8ed52.dir/CheckSymbolExists.c.o   -c /home/infrastructure_ws/carma-streets/streets_utils/streets_tsc_configuration/build/CMakeFiles/CMakeTmp/CheckSymbolExists.c
Linking C executable cmTC_8ed52
/usr/bin/cmake -E cmake_link_script CMakeFiles/cmTC_8ed52.dir/link.txt --verbose=1
/usr/bin/cc      CMakeFiles/cmTC_8ed52.dir/CheckSymbolExists.c.o  -o cmTC_8ed52 
CMakeFiles/cmTC_8ed52.dir/CheckSymbolExists.c.o: In function `main':
CheckSymbolExists.c:(.text+0x1b): undefined reference to `pthread_create'
collect2: error: ld returned 1 exit status
CMakeFiles/cmTC_8ed52.dir/build.make:97: recipe for target 'cmTC_8ed52' failed
make[1]: *** [cmTC_8ed52] Error 1
make[1]: Leaving directory '/home/infrastructure_ws/carma-streets/streets_utils/streets_tsc_configuration/build/CMakeFiles/CMakeTmp'
Makefile:126: recipe for target 'cmTC_8ed52/fast' failed
make: *** [cmTC_8ed52/fast] Error 2

File /home/infrastructure_ws/carma-streets/streets_utils/streets_tsc_configuration/build/CMakeFiles/CMakeTmp/CheckSymbolExists.c:
/* */
#include <pthread.h>

int main(int argc, char** argv)
{
  (void)argv;
#ifndef pthread_create
  return ((int*)(&pthread_create))[argc];
#else
  (void)argc;
  return 0;
#endif
}

Determining if the function pthread_create exists in the pthreads failed with the following output:
Change Dir: /home/infrastructure_ws/carma-streets/streets_utils/streets_tsc_configuration/build/CMakeFiles/CMakeTmp

Run Build Command:"/usr/bin/make" "cmTC_656fe/fast"
/usr/bin/make -f CMakeFiles/cmTC_656fe.dir/build.make CMakeFiles/cmTC_656fe.dir/build
make[1]: Entering directory '/home/infrastructure_ws/carma-streets/streets_utils/streets_tsc_configuration/build/CMakeFiles/CMakeTmp'
Building C object CMakeFiles/cmTC_656fe.dir/CheckFunctionExists.c.o
/usr/bin/cc   -DCHECK_FUNCTION_EXISTS=pthread_create   -o CMakeFiles/cmTC_656fe.dir/CheckFunctionExists.c.o   -c /usr/share/cmake-3.10/Modules/CheckFunctionExists.c
Linking C executable cmTC_656fe
/usr/bin/cmake -E cmake_link_script CMakeFiles/cmTC_656fe.dir/link.txt --verbose=1
/usr/bin/cc  -DCHECK_FUNCTION_EXISTS=pthread_create    CMakeFiles/cmTC_656fe.dir/CheckFunctionExists.c.o  -o cmTC_656fe -lpthreads 
/usr/bin/ld: cannot find -lpthreads
collect2: error: ld returned 1 exit status
CMakeFiles/cmTC_656fe.dir/build.make:97: recipe for target 'cmTC_656fe' failed
make[1]: *** [cmTC_656fe] Error 1
make[1]: Leaving directory '/home/infrastructure_ws/carma-streets/streets_utils/streets_tsc_configuration/build/CMakeFiles/CMakeTmp'
Makefile:126: recipe for target 'cmTC_656fe/fast' failed
make: *** [cmTC_656fe/fast] Error 2


