Determining if the pthread_create exist failed with the following output:
Change Dir: /home/ode/carma-streets/streets_utils/streets_singleton/build/CMakeFiles/CMakeTmp

Run Build Command:"/usr/bin/make" "cmTC_fd479/fast"
/usr/bin/make -f CMakeFiles/cmTC_fd479.dir/build.make CMakeFiles/cmTC_fd479.dir/build
make[1]: Entering directory '/home/ode/carma-streets/streets_utils/streets_singleton/build/CMakeFiles/CMakeTmp'
Building C object CMakeFiles/cmTC_fd479.dir/CheckSymbolExists.c.o
/usr/bin/cc    -o CMakeFiles/cmTC_fd479.dir/CheckSymbolExists.c.o   -c /home/ode/carma-streets/streets_utils/streets_singleton/build/CMakeFiles/CMakeTmp/CheckSymbolExists.c
Linking C executable cmTC_fd479
/usr/bin/cmake -E cmake_link_script CMakeFiles/cmTC_fd479.dir/link.txt --verbose=1
/usr/bin/cc      CMakeFiles/cmTC_fd479.dir/CheckSymbolExists.c.o  -o cmTC_fd479 
CMakeFiles/cmTC_fd479.dir/CheckSymbolExists.c.o: In function `main':
CheckSymbolExists.c:(.text+0x1b): undefined reference to `pthread_create'
collect2: error: ld returned 1 exit status
CMakeFiles/cmTC_fd479.dir/build.make:97: recipe for target 'cmTC_fd479' failed
make[1]: *** [cmTC_fd479] Error 1
make[1]: Leaving directory '/home/ode/carma-streets/streets_utils/streets_singleton/build/CMakeFiles/CMakeTmp'
Makefile:126: recipe for target 'cmTC_fd479/fast' failed
make: *** [cmTC_fd479/fast] Error 2

File /home/ode/carma-streets/streets_utils/streets_singleton/build/CMakeFiles/CMakeTmp/CheckSymbolExists.c:
/* */
#include <pthread.h>

int main(int argc, char** argv)
{
  (void)argv;
#ifndef pthread_create
  return ((int*)(&pthread_create))[argc];
#else
  (void)argc;
  return 0;
#endif
}

Determining if the function pthread_create exists in the pthreads failed with the following output:
Change Dir: /home/ode/carma-streets/streets_utils/streets_singleton/build/CMakeFiles/CMakeTmp

Run Build Command:"/usr/bin/make" "cmTC_2c3ab/fast"
/usr/bin/make -f CMakeFiles/cmTC_2c3ab.dir/build.make CMakeFiles/cmTC_2c3ab.dir/build
make[1]: Entering directory '/home/ode/carma-streets/streets_utils/streets_singleton/build/CMakeFiles/CMakeTmp'
Building C object CMakeFiles/cmTC_2c3ab.dir/CheckFunctionExists.c.o
/usr/bin/cc   -DCHECK_FUNCTION_EXISTS=pthread_create   -o CMakeFiles/cmTC_2c3ab.dir/CheckFunctionExists.c.o   -c /usr/share/cmake-3.10/Modules/CheckFunctionExists.c
Linking C executable cmTC_2c3ab
/usr/bin/cmake -E cmake_link_script CMakeFiles/cmTC_2c3ab.dir/link.txt --verbose=1
/usr/bin/cc  -DCHECK_FUNCTION_EXISTS=pthread_create    CMakeFiles/cmTC_2c3ab.dir/CheckFunctionExists.c.o  -o cmTC_2c3ab -lpthreads 
/usr/bin/ld: cannot find -lpthreads
collect2: error: ld returned 1 exit status
CMakeFiles/cmTC_2c3ab.dir/build.make:97: recipe for target 'cmTC_2c3ab' failed
make[1]: *** [cmTC_2c3ab] Error 1
make[1]: Leaving directory '/home/ode/carma-streets/streets_utils/streets_singleton/build/CMakeFiles/CMakeTmp'
Makefile:126: recipe for target 'cmTC_2c3ab/fast' failed
make: *** [cmTC_2c3ab/fast] Error 2


